# JRE version: Java(TM) SE Runtime Environment (21.0.1+12) (build 21.0.1+12-LTS-29)
# Java VM: Java HotSpot(TM) 64-Bit Server VM (21.0.1+12-LTS-29, mixed mode, sharing, tiered, compressed oops, compressed class ptrs, g1 gc, windows-amd64)
GC Precious Log:
 CardTable entry size: 512
 Card Set container configuration: InlinePtr #cards 5 size 8 Array Of Cards #cards 12 size 40 Howl #buckets 4 coarsen threshold 1843 Howl Bitmap #cards 512 size 80 coarsen threshold 460 Card regions per heap region 1 cards per card region 2048
 CPUs: 8 total, 8 available
 Memory: 7928M
 Large Page Support: Disabled
 NUMA Support: Disabled
 Compressed Oops: Enabled (32-bit)
 Heap Region Size: 1M
 Heap Min Capacity: 8M
 Heap Initial Capacity: 124M
 Heap Max Capacity: 1984M
 Pre-touch: Disabled
 Parallel Workers: 8
 Concurrent Workers: 2
 Concurrent Refinement Workers: 8
 Periodic GC: Disabled
Heap:
 garbage-first heap   total 189440K, used 125114K [0x0000000084000000, 0x0000000100000000)
  region size 1024K, 87 young (89088K), 3 survivors (3072K)
 Metaspace       used 44102K, committed 44992K, reserved 1114112K
  class space    used 5398K, committed 5824K, reserved 1048576K
GC Heap History (20 events):
Event: 9.618 GC heap before
{Heap before GC invocations=9 (full 0):
 garbage-first heap   total 76800K, used 58550K [0x0000000084000000, 0x0000000100000000)
  region size 1024K, 31 young (31744K), 2 survivors (2048K)
 Metaspace       used 40451K, committed 41280K, reserved 1114112K
  class space    used 4964K, committed 5312K, reserved 1048576K
}
Event: 9.624 GC heap after
{Heap after GC invocations=10 (full 0):
 garbage-first heap   total 76800K, used 33179K [0x0000000084000000, 0x0000000100000000)
  region size 1024K, 4 young (4096K), 4 survivors (4096K)
 Metaspace       used 40451K, committed 41280K, reserved 1114112K
  class space    used 4964K, committed 5312K, reserved 1048576K
}
Event: 9.674 GC heap before
{Heap before GC invocations=10 (full 0):
 garbage-first heap   total 76800K, used 61851K [0x0000000084000000, 0x0000000100000000)
  region size 1024K, 32 young (32768K), 4 survivors (4096K)
 Metaspace       used 40455K, committed 41280K, reserved 1114112K
  class space    used 4964K, committed 5312K, reserved 1048576K
}
Event: 9.679 GC heap after
{Heap after GC invocations=11 (full 0):
 garbage-first heap   total 76800K, used 33460K [0x0000000084000000, 0x0000000100000000)
  region size 1024K, 1 young (1024K), 1 survivors (1024K)
 Metaspace       used 40455K, committed 41280K, reserved 1114112K
  class space    used 4964K, committed 5312K, reserved 1048576K
}
Event: 9.733 GC heap before
{Heap before GC invocations=11 (full 0):
 garbage-first heap   total 76800K, used 63156K [0x0000000084000000, 0x0000000100000000)
  region size 1024K, 30 young (30720K), 1 survivors (1024K)
 Metaspace       used 40455K, committed 41280K, reserved 1114112K
  class space    used 4964K, committed 5312K, reserved 1048576K
}
Event: 9.734 GC heap after
{Heap after GC invocations=12 (full 0):
 garbage-first heap   total 76800K, used 33262K [0x0000000084000000, 0x0000000100000000)
  region size 1024K, 1 young (1024K), 1 survivors (1024K)
 Metaspace       used 40455K, committed 41280K, reserved 1114112K
  class space    used 4964K, committed 5312K, reserved 1048576K
}
Event: 9.790 GC heap before
{Heap before GC invocations=12 (full 0):
 garbage-first heap   total 76800K, used 65006K [0x0000000084000000, 0x0000000100000000)
  region size 1024K, 32 young (32768K), 1 survivors (1024K)
 Metaspace       used 40460K, committed 41280K, reserved 1114112K
  class space    used 4964K, committed 5312K, reserved 1048576K
}
Event: 9.791 GC heap after
{Heap after GC invocations=13 (full 0):
 garbage-first heap   total 76800K, used 33164K [0x0000000084000000, 0x0000000100000000)
  region size 1024K, 1 young (1024K), 1 survivors (1024K)
 Metaspace       used 40460K, committed 41280K, reserved 1114112K
  class space    used 4964K, committed 5312K, reserved 1048576K
}
Event: 9.791 GC heap before
{Heap before GC invocations=13 (full 0):
 garbage-first heap   total 76800K, used 33164K [0x0000000084000000, 0x0000000100000000)
  region size 1024K, 2 young (2048K), 1 survivors (1024K)
 Metaspace       used 40460K, committed 41280K, reserved 1114112K
  class space    used 4964K, committed 5312K, reserved 1048576K
}
Event: 9.793 GC heap after
{Heap after GC invocations=14 (full 0):
 garbage-first heap   total 76800K, used 33151K [0x0000000084000000, 0x0000000100000000)
  region size 1024K, 1 young (1024K), 1 survivors (1024K)
 Metaspace       used 40460K, committed 41280K, reserved 1114112K
  class space    used 4964K, committed 5312K, reserved 1048576K
}
Event: 9.830 GC heap before
{Heap before GC invocations=14 (full 0):
 garbage-first heap   total 76800K, used 56703K [0x0000000084000000, 0x0000000100000000)
  region size 1024K, 22 young (22528K), 1 survivors (1024K)
 Metaspace       used 40460K, committed 41280K, reserved 1114112K
  class space    used 4964K, committed 5312K, reserved 1048576K
}
Event: 9.833 GC heap after
{Heap after GC invocations=15 (full 0):
 garbage-first heap   total 189440K, used 35200K [0x0000000084000000, 0x0000000100000000)
  region size 1024K, 1 young (1024K), 1 survivors (1024K)
 Metaspace       used 40460K, committed 41280K, reserved 1114112K
  class space    used 4964K, committed 5312K, reserved 1048576K
}
Event: 10.051 GC heap before
{Heap before GC invocations=15 (full 0):
 garbage-first heap   total 189440K, used 157056K [0x0000000084000000, 0x0000000100000000)
  region size 1024K, 111 young (113664K), 1 survivors (1024K)
 Metaspace       used 40478K, committed 41280K, reserved 1114112K
  class space    used 4966K, committed 5312K, reserved 1048576K
}
Event: 10.052 GC heap after
{Heap after GC invocations=16 (full 0):
 garbage-first heap   total 189440K, used 39726K [0x0000000084000000, 0x0000000100000000)
  region size 1024K, 1 young (1024K), 1 survivors (1024K)
 Metaspace       used 40478K, committed 41280K, reserved 1114112K
  class space    used 4966K, committed 5312K, reserved 1048576K
}
Event: 16.050 GC heap before
{Heap before GC invocations=16 (full 0):
 garbage-first heap   total 189440K, used 156462K [0x0000000084000000, 0x0000000100000000)
  region size 1024K, 111 young (113664K), 1 survivors (1024K)
 Metaspace       used 43886K, committed 44736K, reserved 1114112K
  class space    used 5381K, committed 5760K, reserved 1048576K
}
Event: 16.053 GC heap after
{Heap after GC invocations=17 (full 0):
 garbage-first heap   total 189440K, used 39200K [0x0000000084000000, 0x0000000100000000)
  region size 1024K, 2 young (2048K), 2 survivors (2048K)
 Metaspace       used 43886K, committed 44736K, reserved 1114112K
  class space    used 5381K, committed 5760K, reserved 1048576K
}
Event: 16.147 GC heap before
{Heap before GC invocations=17 (full 0):
 garbage-first heap   total 189440K, used 160032K [0x0000000084000000, 0x0000000100000000)
  region size 1024K, 111 young (113664K), 2 survivors (2048K)
 Metaspace       used 43893K, committed 44736K, reserved 1114112K
  class space    used 5381K, committed 5760K, reserved 1048576K
}
Event: 16.150 GC heap after
{Heap after GC invocations=18 (full 0):
 garbage-first heap   total 189440K, used 40214K [0x0000000084000000, 0x0000000100000000)
  region size 1024K, 2 young (2048K), 2 survivors (2048K)
 Metaspace       used 43893K, committed 44736K, reserved 1114112K
  class space    used 5381K, committed 5760K, reserved 1048576K
}
Event: 16.341 GC heap before
{Heap before GC invocations=18 (full 0):
 garbage-first heap   total 189440K, used 158998K [0x0000000084000000, 0x0000000100000000)
  region size 1024K, 111 young (113664K), 2 survivors (2048K)
 Metaspace       used 44037K, committed 44928K, reserved 1114112K
  class space    used 5392K, committed 5824K, reserved 1048576K
}
Event: 16.345 GC heap after
{Heap after GC invocations=19 (full 0):
 garbage-first heap   total 189440K, used 40122K [0x0000000084000000, 0x0000000100000000)
  region size 1024K, 3 young (3072K), 3 survivors (3072K)
 Metaspace       used 44037K, committed 44928K, reserved 1114112K
  class space    used 5392K, committed 5824K, reserved 1048576K
}

